[2021-04-10 08:10:19.114] [exthost] [info] extension host started
[2021-04-10 08:10:19.242] [exthost] [info] ExtensionService#_doActivateExtension vscode.debug-auto-launch {"startup":true,"extensionId":{"value":"vscode.debug-auto-launch","_lower":"vscode.debug-auto-launch"},"activationEvent":"*"}
[2021-04-10 08:10:19.242] [exthost] [info] ExtensionService#loadCommonJSModule file:///var/www/clients/client8/web8/private/home/versenyzo08s1/.vscode-server/bin/c185983a683d14c396952dd432459097bc7f757f/extensions/debug-auto-launch/dist/extension
[2021-04-10 08:10:19.248] [exthost] [info] ExtensionService#_doActivateExtension vscode.git {"startup":true,"extensionId":{"value":"vscode.github","_lower":"vscode.github"},"activationEvent":"*"}
[2021-04-10 08:10:19.248] [exthost] [info] ExtensionService#loadCommonJSModule file:///var/www/clients/client8/web8/private/home/versenyzo08s1/.vscode-server/bin/c185983a683d14c396952dd432459097bc7f757f/extensions/git/dist/main
[2021-04-10 08:10:19.307] [exthost] [info] ExtensionService#_doActivateExtension vscode.npm {"startup":true,"extensionId":{"value":"vscode.npm","_lower":"vscode.npm"},"activationEvent":"workspaceContains:package.json"}
[2021-04-10 08:10:19.307] [exthost] [info] ExtensionService#loadCommonJSModule file:///var/www/clients/client8/web8/private/home/versenyzo08s1/.vscode-server/bin/c185983a683d14c396952dd432459097bc7f757f/extensions/npm/dist/npmMain
[2021-04-10 08:10:19.660] [exthost] [info] ExtensionService#_doActivateExtension vscode.github {"startup":true,"extensionId":{"value":"vscode.github","_lower":"vscode.github"},"activationEvent":"*"}
[2021-04-10 08:10:19.660] [exthost] [info] ExtensionService#loadCommonJSModule file:///var/www/clients/client8/web8/private/home/versenyzo08s1/.vscode-server/bin/c185983a683d14c396952dd432459097bc7f757f/extensions/github/dist/extension.js
[2021-04-10 08:10:19.918] [exthost] [info] ExtensionService#_doActivateExtension ms-vscode.js-debug {"startup":false,"extensionId":{"value":"ms-vscode.js-debug","_lower":"ms-vscode.js-debug"},"activationEvent":"onCommand:extension.js-debug.clearAutoAttachVariables"}
[2021-04-10 08:10:19.918] [exthost] [info] ExtensionService#loadCommonJSModule file:///var/www/clients/client8/web8/private/home/versenyzo08s1/.vscode-server/bin/c185983a683d14c396952dd432459097bc7f757f/extensions/ms-vscode.js-debug/src/extension.js
[2021-04-10 08:10:20.146] [exthost] [info] ExtensionService#_doActivateExtension vscode.emmet {"startup":false,"extensionId":{"value":"vscode.emmet","_lower":"vscode.emmet"},"activationEvent":"onStartupFinished"}
[2021-04-10 08:10:20.146] [exthost] [info] ExtensionService#loadCommonJSModule file:///var/www/clients/client8/web8/private/home/versenyzo08s1/.vscode-server/bin/c185983a683d14c396952dd432459097bc7f757f/extensions/emmet/dist/node/emmetNodeMain
[2021-04-10 08:10:20.161] [exthost] [info] ExtensionService#_doActivateExtension vscode.merge-conflict {"startup":false,"extensionId":{"value":"vscode.merge-conflict","_lower":"vscode.merge-conflict"},"activationEvent":"onStartupFinished"}
[2021-04-10 08:10:20.161] [exthost] [info] ExtensionService#loadCommonJSModule file:///var/www/clients/client8/web8/private/home/versenyzo08s1/.vscode-server/bin/c185983a683d14c396952dd432459097bc7f757f/extensions/merge-conflict/dist/mergeConflictMain
[2021-04-10 08:10:20.164] [exthost] [info] ExtensionService#_doActivateExtension vscode.testing-editor-contributions {"startup":false,"extensionId":{"value":"vscode.testing-editor-contributions","_lower":"vscode.testing-editor-contributions"},"activationEvent":"onStartupFinished"}
[2021-04-10 08:10:20.165] [exthost] [info] ExtensionService#loadCommonJSModule file:///var/www/clients/client8/web8/private/home/versenyzo08s1/.vscode-server/bin/c185983a683d14c396952dd432459097bc7f757f/extensions/testing-editor-contributions/dist/extension.js
[2021-04-10 08:10:20.166] [exthost] [info] eager extensions activated
[2021-04-10 08:10:23.464] [exthost] [info] ExtensionService#_doActivateExtension vscode.php-language-features {"startup":false,"extensionId":{"value":"vscode.php-language-features","_lower":"vscode.php-language-features"},"activationEvent":"onLanguage:php"}
[2021-04-10 08:10:23.464] [exthost] [info] ExtensionService#loadCommonJSModule file:///var/www/clients/client8/web8/private/home/versenyzo08s1/.vscode-server/bin/c185983a683d14c396952dd432459097bc7f757f/extensions/php-language-features/dist/phpMain
[2021-04-10 08:10:24.559] [exthost] [info] ExtensionService#_doActivateExtension vscode.html-language-features {"startup":false,"extensionId":{"value":"vscode.html-language-features","_lower":"vscode.html-language-features"},"activationEvent":"onLanguage:html"}
[2021-04-10 08:10:24.559] [exthost] [info] ExtensionService#loadCommonJSModule file:///var/www/clients/client8/web8/private/home/versenyzo08s1/.vscode-server/bin/c185983a683d14c396952dd432459097bc7f757f/extensions/html-language-features/client/dist/node/htmlClientMain
[2021-04-10 18:07:23.897] [exthost] [info] ExtensionService#_doActivateExtension vscode.configuration-editing {"startup":false,"extensionId":{"value":"vscode.configuration-editing","_lower":"vscode.configuration-editing"},"activationEvent":"onLanguage:json"}
[2021-04-10 18:07:23.897] [exthost] [info] ExtensionService#loadCommonJSModule file:///var/www/clients/client8/web8/private/home/versenyzo08s1/.vscode-server/bin/c185983a683d14c396952dd432459097bc7f757f/extensions/configuration-editing/dist/configurationEditingMain
[2021-04-10 18:07:23.911] [exthost] [info] ExtensionService#_doActivateExtension vscode.extension-editing {"startup":false,"extensionId":{"value":"vscode.extension-editing","_lower":"vscode.extension-editing"},"activationEvent":"onLanguage:json"}
[2021-04-10 18:07:23.911] [exthost] [info] ExtensionService#loadCommonJSModule file:///var/www/clients/client8/web8/private/home/versenyzo08s1/.vscode-server/bin/c185983a683d14c396952dd432459097bc7f757f/extensions/extension-editing/dist/extensionEditingMain
[2021-04-10 18:07:23.925] [exthost] [info] ExtensionService#_doActivateExtension vscode.json-language-features {"startup":false,"extensionId":{"value":"vscode.json-language-features","_lower":"vscode.json-language-features"},"activationEvent":"onLanguage:json"}
[2021-04-10 18:07:23.925] [exthost] [info] ExtensionService#loadCommonJSModule file:///var/www/clients/client8/web8/private/home/versenyzo08s1/.vscode-server/bin/c185983a683d14c396952dd432459097bc7f757f/extensions/json-language-features/client/dist/node/jsonClientMain
[2021-04-10 23:37:59.635] [exthost] [info] extension host terminating: renderer disconnected for too long (1)
[2021-04-10 23:38:00.649] [exthost] [info] exiting with code 0
