Looking for git in: git
Using git 1.8.3.1 from git
Opening repository for path='/var/www/csapat08-versenydonto.nisz.hu/web' failed; ex=Failed to execute git {
  "exitCode": 128,
  "gitErrorCode": "NotAGitRepository",
  "gitCommand": "rev-parse",
  "stdout": "",
  "stderr": "fatal: Not a git repository (or any of the parent directories): .git\n"
}
Opening repository for path='/var/www/csapat08-versenydonto.nisz.hu/web/dokumentumok' failed; ex=Failed to execute git {
  "exitCode": 128,
  "gitErrorCode": "NotAGitRepository",
  "gitCommand": "rev-parse",
  "stdout": "",
  "stderr": "fatal: Not a git repository (or any of the parent directories): .git\n"
}
Opening repository for path='/var/www/csapat08-versenydonto.nisz.hu/web/error' failed; ex=Failed to execute git {
  "exitCode": 128,
  "gitErrorCode": "NotAGitRepository",
  "gitCommand": "rev-parse",
  "stdout": "",
  "stderr": "fatal: Not a git repository (or any of the parent directories): .git\n"
}
Opening repository for path='/var/www/csapat08-versenydonto.nisz.hu/web/favicon.ico' failed; ex=Error: spawn ENOTDIR
Opening repository for path='/var/www/csapat08-versenydonto.nisz.hu/web/index.html' failed; ex=Error: spawn ENOTDIR
Opening repository for path='/var/www/csapat08-versenydonto.nisz.hu/web/moodle' failed; ex=Failed to execute git {
  "exitCode": 128,
  "gitErrorCode": "NotAGitRepository",
  "gitCommand": "rev-parse",
  "stdout": "",
  "stderr": "fatal: Not a git repository (or any of the parent directories): .git\n"
}
Opening repository for path='/var/www/csapat08-versenydonto.nisz.hu/web/moodle-3.10.3.zip' failed; ex=Error: spawn ENOTDIR
Opening repository for path='/var/www/csapat08-versenydonto.nisz.hu/web/moodledata' failed; ex=Failed to execute git {
  "exitCode": 128,
  "gitErrorCode": "NotAGitRepository",
  "gitCommand": "rev-parse",
  "stdout": "",
  "stderr": "fatal: Not a git repository (or any of the parent directories): .git\n"
}
Opening repository for path='/var/www/csapat08-versenydonto.nisz.hu/web/react.html' failed; ex=Error: spawn ENOTDIR
Opening repository for path='/var/www/csapat08-versenydonto.nisz.hu/web/robots.txt' failed; ex=Error: spawn ENOTDIR
Opening repository for path='/var/www/csapat08-versenydonto.nisz.hu/web/stats' failed; ex=Failed to execute git {
  "exitCode": 128,
  "gitErrorCode": "NotAGitRepository",
  "gitCommand": "rev-parse",
  "stdout": "",
  "stderr": "fatal: Not a git repository (or any of the parent directories): .git\n"
}
Opening repository for path='/var/www/csapat08-versenydonto.nisz.hu/web/dokumentumok' failed; ex=Failed to execute git {
  "exitCode": 128,
  "gitErrorCode": "NotAGitRepository",
  "gitCommand": "rev-parse",
  "stdout": "",
  "stderr": "fatal: Not a git repository (or any of the parent directories): .git\n"
}
Opening repository for path='/var/www/csapat08-versenydonto.nisz.hu/web/dokumentumok' failed; ex=Failed to execute git {
  "exitCode": 128,
  "gitErrorCode": "NotAGitRepository",
  "gitCommand": "rev-parse",
  "stdout": "",
  "stderr": "fatal: Not a git repository (or any of the parent directories): .git\n"
}
