[2021-04-10 08:10:04.414] [exthost] [info] extension host started
[2021-04-10 08:10:04.463] [exthost] [info] ExtensionService#_doActivateExtension vscode.debug-auto-launch {"startup":true,"extensionId":{"value":"vscode.debug-auto-launch","_lower":"vscode.debug-auto-launch"},"activationEvent":"*"}
[2021-04-10 08:10:04.463] [exthost] [info] ExtensionService#loadCommonJSModule file:///var/www/clients/client8/web8/private/home/versenyzo08s1/.vscode-server/bin/c185983a683d14c396952dd432459097bc7f757f/extensions/debug-auto-launch/dist/extension
[2021-04-10 08:10:04.469] [exthost] [info] ExtensionService#_doActivateExtension vscode.git {"startup":true,"extensionId":{"value":"vscode.github","_lower":"vscode.github"},"activationEvent":"*"}
[2021-04-10 08:10:04.469] [exthost] [info] ExtensionService#loadCommonJSModule file:///var/www/clients/client8/web8/private/home/versenyzo08s1/.vscode-server/bin/c185983a683d14c396952dd432459097bc7f757f/extensions/git/dist/main
[2021-04-10 08:10:04.529] [exthost] [info] ExtensionService#_doActivateExtension vscode.configuration-editing {"startup":false,"extensionId":{"value":"vscode.configuration-editing","_lower":"vscode.configuration-editing"},"activationEvent":"onLanguage:jsonc"}
[2021-04-10 08:10:04.529] [exthost] [info] ExtensionService#loadCommonJSModule file:///var/www/clients/client8/web8/private/home/versenyzo08s1/.vscode-server/bin/c185983a683d14c396952dd432459097bc7f757f/extensions/configuration-editing/dist/configurationEditingMain
[2021-04-10 08:10:04.534] [exthost] [info] ExtensionService#_doActivateExtension vscode.json-language-features {"startup":false,"extensionId":{"value":"vscode.json-language-features","_lower":"vscode.json-language-features"},"activationEvent":"onLanguage:jsonc"}
[2021-04-10 08:10:04.534] [exthost] [info] ExtensionService#loadCommonJSModule file:///var/www/clients/client8/web8/private/home/versenyzo08s1/.vscode-server/bin/c185983a683d14c396952dd432459097bc7f757f/extensions/json-language-features/client/dist/node/jsonClientMain
[2021-04-10 08:10:04.585] [exthost] [info] ExtensionService#_doActivateExtension vscode.typescript-language-features {"startup":false,"extensionId":{"value":"vscode.typescript-language-features","_lower":"vscode.typescript-language-features"},"activationEvent":"onLanguage:jsonc"}
[2021-04-10 08:10:04.585] [exthost] [info] ExtensionService#loadCommonJSModule file:///var/www/clients/client8/web8/private/home/versenyzo08s1/.vscode-server/bin/c185983a683d14c396952dd432459097bc7f757f/extensions/typescript-language-features/dist/extension
[2021-04-10 08:10:04.689] [exthost] [info] ExtensionService#_doActivateExtension vscode.github {"startup":true,"extensionId":{"value":"vscode.github","_lower":"vscode.github"},"activationEvent":"*"}
[2021-04-10 08:10:04.689] [exthost] [info] ExtensionService#loadCommonJSModule file:///var/www/clients/client8/web8/private/home/versenyzo08s1/.vscode-server/bin/c185983a683d14c396952dd432459097bc7f757f/extensions/github/dist/extension.js
[2021-04-10 08:10:04.828] [exthost] [info] ExtensionService#_doActivateExtension vscode.emmet {"startup":false,"extensionId":{"value":"vscode.emmet","_lower":"vscode.emmet"},"activationEvent":"onStartupFinished"}
[2021-04-10 08:10:04.828] [exthost] [info] ExtensionService#loadCommonJSModule file:///var/www/clients/client8/web8/private/home/versenyzo08s1/.vscode-server/bin/c185983a683d14c396952dd432459097bc7f757f/extensions/emmet/dist/node/emmetNodeMain
[2021-04-10 08:10:04.844] [exthost] [info] ExtensionService#_doActivateExtension vscode.merge-conflict {"startup":false,"extensionId":{"value":"vscode.merge-conflict","_lower":"vscode.merge-conflict"},"activationEvent":"onStartupFinished"}
[2021-04-10 08:10:04.844] [exthost] [info] ExtensionService#loadCommonJSModule file:///var/www/clients/client8/web8/private/home/versenyzo08s1/.vscode-server/bin/c185983a683d14c396952dd432459097bc7f757f/extensions/merge-conflict/dist/mergeConflictMain
[2021-04-10 08:10:04.847] [exthost] [info] ExtensionService#_doActivateExtension vscode.testing-editor-contributions {"startup":false,"extensionId":{"value":"vscode.testing-editor-contributions","_lower":"vscode.testing-editor-contributions"},"activationEvent":"onStartupFinished"}
[2021-04-10 08:10:04.847] [exthost] [info] ExtensionService#loadCommonJSModule file:///var/www/clients/client8/web8/private/home/versenyzo08s1/.vscode-server/bin/c185983a683d14c396952dd432459097bc7f757f/extensions/testing-editor-contributions/dist/extension.js
[2021-04-10 08:10:04.848] [exthost] [info] eager extensions activated
[2021-04-10 08:10:04.921] [exthost] [info] ExtensionService#_doActivateExtension ms-vscode.js-debug {"startup":false,"extensionId":{"value":"ms-vscode.js-debug","_lower":"ms-vscode.js-debug"},"activationEvent":"onCommand:extension.js-debug.clearAutoAttachVariables"}
[2021-04-10 08:10:04.921] [exthost] [info] ExtensionService#loadCommonJSModule file:///var/www/clients/client8/web8/private/home/versenyzo08s1/.vscode-server/bin/c185983a683d14c396952dd432459097bc7f757f/extensions/ms-vscode.js-debug/src/extension.js
[2021-04-10 08:10:16.636] [exthost] [info] extension host terminating: received terminate message from renderer
[2021-04-10 08:10:17.645] [exthost] [info] exiting with code 0
