[2021-04-10 07:24:08.230] [exthost] [info] extension host started
[2021-04-10 07:24:08.278] [exthost] [info] ExtensionService#_doActivateExtension vscode.debug-auto-launch {"startup":true,"extensionId":{"value":"vscode.debug-auto-launch","_lower":"vscode.debug-auto-launch"},"activationEvent":"*"}
[2021-04-10 07:24:08.278] [exthost] [info] ExtensionService#loadCommonJSModule file:///var/www/clients/client8/web8/private/home/versenyzo08s2/.vscode-server/bin/08a217c4d27a02a5bcde898fd7981bda5b49391b/extensions/debug-auto-launch/dist/extension
[2021-04-10 07:24:08.284] [exthost] [info] ExtensionService#_doActivateExtension vscode.git {"startup":true,"extensionId":{"value":"vscode.github","_lower":"vscode.github"},"activationEvent":"*"}
[2021-04-10 07:24:08.284] [exthost] [info] ExtensionService#loadCommonJSModule file:///var/www/clients/client8/web8/private/home/versenyzo08s2/.vscode-server/bin/08a217c4d27a02a5bcde898fd7981bda5b49391b/extensions/git/dist/main
[2021-04-10 07:24:08.344] [exthost] [info] ExtensionService#_doActivateExtension vscode.npm {"startup":true,"extensionId":{"value":"vscode.npm","_lower":"vscode.npm"},"activationEvent":"workspaceContains:package.json"}
[2021-04-10 07:24:08.344] [exthost] [info] ExtensionService#loadCommonJSModule file:///var/www/clients/client8/web8/private/home/versenyzo08s2/.vscode-server/bin/08a217c4d27a02a5bcde898fd7981bda5b49391b/extensions/npm/dist/npmMain
[2021-04-10 07:24:08.685] [exthost] [info] ExtensionService#_doActivateExtension vscode.github {"startup":true,"extensionId":{"value":"vscode.github","_lower":"vscode.github"},"activationEvent":"*"}
[2021-04-10 07:24:08.685] [exthost] [info] ExtensionService#loadCommonJSModule file:///var/www/clients/client8/web8/private/home/versenyzo08s2/.vscode-server/bin/08a217c4d27a02a5bcde898fd7981bda5b49391b/extensions/github/dist/extension.js
[2021-04-10 07:24:08.901] [exthost] [info] ExtensionService#_doActivateExtension ms-vscode.js-debug {"startup":false,"extensionId":{"value":"ms-vscode.js-debug","_lower":"ms-vscode.js-debug"},"activationEvent":"onCommand:extension.js-debug.clearAutoAttachVariables"}
[2021-04-10 07:24:08.902] [exthost] [info] ExtensionService#loadCommonJSModule file:///var/www/clients/client8/web8/private/home/versenyzo08s2/.vscode-server/bin/08a217c4d27a02a5bcde898fd7981bda5b49391b/extensions/ms-vscode.js-debug/src/extension.js
[2021-04-10 07:24:09.217] [exthost] [info] ExtensionService#_doActivateExtension vscode.emmet {"startup":false,"extensionId":{"value":"vscode.emmet","_lower":"vscode.emmet"},"activationEvent":"onStartupFinished"}
[2021-04-10 07:24:09.217] [exthost] [info] ExtensionService#loadCommonJSModule file:///var/www/clients/client8/web8/private/home/versenyzo08s2/.vscode-server/bin/08a217c4d27a02a5bcde898fd7981bda5b49391b/extensions/emmet/dist/node/emmetNodeMain
[2021-04-10 07:24:09.269] [exthost] [info] ExtensionService#_doActivateExtension vscode.merge-conflict {"startup":false,"extensionId":{"value":"vscode.merge-conflict","_lower":"vscode.merge-conflict"},"activationEvent":"onStartupFinished"}
[2021-04-10 07:24:09.269] [exthost] [info] ExtensionService#loadCommonJSModule file:///var/www/clients/client8/web8/private/home/versenyzo08s2/.vscode-server/bin/08a217c4d27a02a5bcde898fd7981bda5b49391b/extensions/merge-conflict/dist/mergeConflictMain
[2021-04-10 07:24:09.275] [exthost] [info] ExtensionService#_doActivateExtension vscode.testing-editor-contributions {"startup":false,"extensionId":{"value":"vscode.testing-editor-contributions","_lower":"vscode.testing-editor-contributions"},"activationEvent":"onStartupFinished"}
[2021-04-10 07:24:09.275] [exthost] [info] ExtensionService#loadCommonJSModule file:///var/www/clients/client8/web8/private/home/versenyzo08s2/.vscode-server/bin/08a217c4d27a02a5bcde898fd7981bda5b49391b/extensions/testing-editor-contributions/dist/extension.js
[2021-04-10 07:24:09.276] [exthost] [info] eager extensions activated
[2021-04-10 07:26:55.358] [exthost] [info] ExtensionService#_doActivateExtension vscode.php-language-features {"startup":false,"extensionId":{"value":"vscode.php-language-features","_lower":"vscode.php-language-features"},"activationEvent":"onLanguage:php"}
[2021-04-10 07:26:55.358] [exthost] [info] ExtensionService#loadCommonJSModule file:///var/www/clients/client8/web8/private/home/versenyzo08s2/.vscode-server/bin/08a217c4d27a02a5bcde898fd7981bda5b49391b/extensions/php-language-features/dist/phpMain
[2021-04-10 08:01:02.678] [exthost] [info] ExtensionService#_doActivateExtension vscode.html-language-features {"startup":false,"extensionId":{"value":"vscode.html-language-features","_lower":"vscode.html-language-features"},"activationEvent":"onLanguage:html"}
[2021-04-10 08:01:02.679] [exthost] [info] ExtensionService#loadCommonJSModule file:///var/www/clients/client8/web8/private/home/versenyzo08s2/.vscode-server/bin/08a217c4d27a02a5bcde898fd7981bda5b49391b/extensions/html-language-features/client/dist/node/htmlClientMain
[2021-04-10 08:15:41.195] [exthost] [info] ExtensionService#_doActivateExtension ms-vscode.node-debug2 {"startup":false,"extensionId":{"value":"ms-vscode.node-debug","_lower":"ms-vscode.node-debug"},"activationEvent":"onDebugInitialConfigurations"}
[2021-04-10 08:15:41.195] [exthost] [info] ExtensionService#loadCommonJSModule file:///var/www/clients/client8/web8/private/home/versenyzo08s2/.vscode-server/bin/08a217c4d27a02a5bcde898fd7981bda5b49391b/extensions/ms-vscode.node-debug2/out/src/extension
[2021-04-10 08:15:41.209] [exthost] [info] ExtensionService#_doActivateExtension ms-vscode.node-debug {"startup":false,"extensionId":{"value":"ms-vscode.node-debug","_lower":"ms-vscode.node-debug"},"activationEvent":"onDebugInitialConfigurations"}
[2021-04-10 08:15:41.209] [exthost] [info] ExtensionService#loadCommonJSModule file:///var/www/clients/client8/web8/private/home/versenyzo08s2/.vscode-server/bin/08a217c4d27a02a5bcde898fd7981bda5b49391b/extensions/ms-vscode.node-debug/dist/extension.js
[2021-04-10 08:15:42.058] [exthost] [info] ExtensionService#_doActivateExtension vscode.debug-server-ready {"startup":false,"extensionId":{"value":"vscode.debug-server-ready","_lower":"vscode.debug-server-ready"},"activationEvent":"onDebugResolve"}
[2021-04-10 08:15:42.058] [exthost] [info] ExtensionService#loadCommonJSModule file:///var/www/clients/client8/web8/private/home/versenyzo08s2/.vscode-server/bin/08a217c4d27a02a5bcde898fd7981bda5b49391b/extensions/debug-server-ready/dist/extension
[2021-04-10 18:19:48.857] [exthost] [info] ExtensionService#_doActivateExtension vscode.extension-editing {"startup":false,"extensionId":{"value":"vscode.extension-editing","_lower":"vscode.extension-editing"},"activationEvent":"onLanguage:typescript"}
[2021-04-10 18:19:48.858] [exthost] [info] ExtensionService#loadCommonJSModule file:///var/www/clients/client8/web8/private/home/versenyzo08s2/.vscode-server/bin/08a217c4d27a02a5bcde898fd7981bda5b49391b/extensions/extension-editing/dist/extensionEditingMain
[2021-04-10 18:19:48.879] [exthost] [info] ExtensionService#_doActivateExtension vscode.typescript-language-features {"startup":false,"extensionId":{"value":"vscode.typescript-language-features","_lower":"vscode.typescript-language-features"},"activationEvent":"onLanguage:typescript"}
[2021-04-10 18:19:48.879] [exthost] [info] ExtensionService#loadCommonJSModule file:///var/www/clients/client8/web8/private/home/versenyzo08s2/.vscode-server/bin/08a217c4d27a02a5bcde898fd7981bda5b49391b/extensions/typescript-language-features/dist/extension
[2021-04-10 18:20:44.712] [exthost] [info] ExtensionService#_doActivateExtension vscode.configuration-editing {"startup":false,"extensionId":{"value":"vscode.configuration-editing","_lower":"vscode.configuration-editing"},"activationEvent":"onLanguage:json"}
[2021-04-10 18:20:44.712] [exthost] [info] ExtensionService#loadCommonJSModule file:///var/www/clients/client8/web8/private/home/versenyzo08s2/.vscode-server/bin/08a217c4d27a02a5bcde898fd7981bda5b49391b/extensions/configuration-editing/dist/configurationEditingMain
[2021-04-10 18:20:44.720] [exthost] [info] ExtensionService#_doActivateExtension vscode.json-language-features {"startup":false,"extensionId":{"value":"vscode.json-language-features","_lower":"vscode.json-language-features"},"activationEvent":"onLanguage:json"}
[2021-04-10 18:20:44.720] [exthost] [info] ExtensionService#loadCommonJSModule file:///var/www/clients/client8/web8/private/home/versenyzo08s2/.vscode-server/bin/08a217c4d27a02a5bcde898fd7981bda5b49391b/extensions/json-language-features/client/dist/node/jsonClientMain
[2021-04-11 03:06:00.825] [exthost] [info] ExtensionService#_doActivateExtension vscode.markdown-language-features {"startup":false,"extensionId":{"value":"vscode.markdown-language-features","_lower":"vscode.markdown-language-features"},"activationEvent":"onLanguage:markdown"}
[2021-04-11 03:06:00.825] [exthost] [info] ExtensionService#loadCommonJSModule file:///var/www/clients/client8/web8/private/home/versenyzo08s2/.vscode-server/bin/08a217c4d27a02a5bcde898fd7981bda5b49391b/extensions/markdown-language-features/dist/extension
[2021-04-11 04:10:59.232] [exthost] [info] extension host terminating: received terminate message from renderer
[2021-04-11 04:11:00.247] [exthost] [info] exiting with code 0
