[2021-04-11 03:33:42.883] [exthost] [info] extension host started
[2021-04-11 03:33:42.921] [exthost] [info] ExtensionService#_doActivateExtension vscode.debug-auto-launch {"startup":true,"extensionId":{"value":"vscode.debug-auto-launch","_lower":"vscode.debug-auto-launch"},"activationEvent":"*"}
[2021-04-11 03:33:42.921] [exthost] [info] ExtensionService#loadCommonJSModule file:///var/www/clients/client8/web8/private/home/versenyzo08s1/.vscode-server/bin/c185983a683d14c396952dd432459097bc7f757f/extensions/debug-auto-launch/dist/extension
[2021-04-11 03:33:42.927] [exthost] [info] ExtensionService#_doActivateExtension vscode.git {"startup":true,"extensionId":{"value":"vscode.github","_lower":"vscode.github"},"activationEvent":"*"}
[2021-04-11 03:33:42.927] [exthost] [info] ExtensionService#loadCommonJSModule file:///var/www/clients/client8/web8/private/home/versenyzo08s1/.vscode-server/bin/c185983a683d14c396952dd432459097bc7f757f/extensions/git/dist/main
[2021-04-11 03:33:43.233] [exthost] [info] ExtensionService#_doActivateExtension vscode.github {"startup":true,"extensionId":{"value":"vscode.github","_lower":"vscode.github"},"activationEvent":"*"}
[2021-04-11 03:33:43.233] [exthost] [info] ExtensionService#loadCommonJSModule file:///var/www/clients/client8/web8/private/home/versenyzo08s1/.vscode-server/bin/c185983a683d14c396952dd432459097bc7f757f/extensions/github/dist/extension.js
[2021-04-11 03:33:43.360] [exthost] [info] ExtensionService#_doActivateExtension vscode.emmet {"startup":false,"extensionId":{"value":"vscode.emmet","_lower":"vscode.emmet"},"activationEvent":"onStartupFinished"}
[2021-04-11 03:33:43.360] [exthost] [info] ExtensionService#loadCommonJSModule file:///var/www/clients/client8/web8/private/home/versenyzo08s1/.vscode-server/bin/c185983a683d14c396952dd432459097bc7f757f/extensions/emmet/dist/node/emmetNodeMain
[2021-04-11 03:33:43.375] [exthost] [info] ExtensionService#_doActivateExtension vscode.merge-conflict {"startup":false,"extensionId":{"value":"vscode.merge-conflict","_lower":"vscode.merge-conflict"},"activationEvent":"onStartupFinished"}
[2021-04-11 03:33:43.375] [exthost] [info] ExtensionService#loadCommonJSModule file:///var/www/clients/client8/web8/private/home/versenyzo08s1/.vscode-server/bin/c185983a683d14c396952dd432459097bc7f757f/extensions/merge-conflict/dist/mergeConflictMain
[2021-04-11 03:33:43.379] [exthost] [info] ExtensionService#_doActivateExtension vscode.testing-editor-contributions {"startup":false,"extensionId":{"value":"vscode.testing-editor-contributions","_lower":"vscode.testing-editor-contributions"},"activationEvent":"onStartupFinished"}
[2021-04-11 03:33:43.379] [exthost] [info] ExtensionService#loadCommonJSModule file:///var/www/clients/client8/web8/private/home/versenyzo08s1/.vscode-server/bin/c185983a683d14c396952dd432459097bc7f757f/extensions/testing-editor-contributions/dist/extension.js
[2021-04-11 03:33:43.380] [exthost] [info] eager extensions activated
[2021-04-11 03:33:43.471] [exthost] [info] ExtensionService#_doActivateExtension ms-vscode.js-debug {"startup":false,"extensionId":{"value":"ms-vscode.js-debug","_lower":"ms-vscode.js-debug"},"activationEvent":"onCommand:extension.js-debug.clearAutoAttachVariables"}
[2021-04-11 03:33:43.472] [exthost] [info] ExtensionService#loadCommonJSModule file:///var/www/clients/client8/web8/private/home/versenyzo08s1/.vscode-server/bin/c185983a683d14c396952dd432459097bc7f757f/extensions/ms-vscode.js-debug/src/extension.js
[2021-04-11 03:33:48.134] [exthost] [info] ExtensionService#_doActivateExtension vscode.extension-editing {"startup":false,"extensionId":{"value":"vscode.extension-editing","_lower":"vscode.extension-editing"},"activationEvent":"onLanguage:markdown"}
[2021-04-11 03:33:48.134] [exthost] [info] ExtensionService#loadCommonJSModule file:///var/www/clients/client8/web8/private/home/versenyzo08s1/.vscode-server/bin/c185983a683d14c396952dd432459097bc7f757f/extensions/extension-editing/dist/extensionEditingMain
[2021-04-11 03:33:48.147] [exthost] [info] ExtensionService#_doActivateExtension vscode.markdown-language-features {"startup":false,"extensionId":{"value":"vscode.markdown-language-features","_lower":"vscode.markdown-language-features"},"activationEvent":"onLanguage:markdown"}
[2021-04-11 03:33:48.147] [exthost] [info] ExtensionService#loadCommonJSModule file:///var/www/clients/client8/web8/private/home/versenyzo08s1/.vscode-server/bin/c185983a683d14c396952dd432459097bc7f757f/extensions/markdown-language-features/dist/extension
[2021-04-11 04:02:25.139] [exthost] [info] extension host terminating: received terminate message from renderer
[2021-04-11 04:02:26.147] [exthost] [info] exiting with code 0
