[2021-04-11 03:32:37.173] [exthost] [info] extension host started
[2021-04-11 03:32:37.257] [exthost] [info] ExtensionService#_doActivateExtension vscode.php-language-features {"startup":false,"extensionId":{"value":"vscode.php-language-features","_lower":"vscode.php-language-features"},"activationEvent":"onLanguage:php"}
[2021-04-11 03:32:37.257] [exthost] [info] ExtensionService#loadCommonJSModule file:///var/www/clients/client8/web8/private/home/versenyzo08s1/.vscode-server/bin/c185983a683d14c396952dd432459097bc7f757f/extensions/php-language-features/dist/phpMain
[2021-04-11 03:32:37.273] [exthost] [info] ExtensionService#_doActivateExtension vscode.debug-auto-launch {"startup":true,"extensionId":{"value":"vscode.debug-auto-launch","_lower":"vscode.debug-auto-launch"},"activationEvent":"*"}
[2021-04-11 03:32:37.273] [exthost] [info] ExtensionService#loadCommonJSModule file:///var/www/clients/client8/web8/private/home/versenyzo08s1/.vscode-server/bin/c185983a683d14c396952dd432459097bc7f757f/extensions/debug-auto-launch/dist/extension
[2021-04-11 03:32:37.277] [exthost] [info] ExtensionService#_doActivateExtension vscode.git {"startup":true,"extensionId":{"value":"vscode.github","_lower":"vscode.github"},"activationEvent":"*"}
[2021-04-11 03:32:37.277] [exthost] [info] ExtensionService#loadCommonJSModule file:///var/www/clients/client8/web8/private/home/versenyzo08s1/.vscode-server/bin/c185983a683d14c396952dd432459097bc7f757f/extensions/git/dist/main
[2021-04-11 03:32:37.337] [exthost] [info] ExtensionService#_doActivateExtension vscode.npm {"startup":true,"extensionId":{"value":"vscode.npm","_lower":"vscode.npm"},"activationEvent":"workspaceContains:package.json"}
[2021-04-11 03:32:37.337] [exthost] [info] ExtensionService#loadCommonJSModule file:///var/www/clients/client8/web8/private/home/versenyzo08s1/.vscode-server/bin/c185983a683d14c396952dd432459097bc7f757f/extensions/npm/dist/npmMain
[2021-04-11 03:32:37.603] [exthost] [info] ExtensionService#_doActivateExtension vscode.github {"startup":true,"extensionId":{"value":"vscode.github","_lower":"vscode.github"},"activationEvent":"*"}
[2021-04-11 03:32:37.604] [exthost] [info] ExtensionService#loadCommonJSModule file:///var/www/clients/client8/web8/private/home/versenyzo08s1/.vscode-server/bin/c185983a683d14c396952dd432459097bc7f757f/extensions/github/dist/extension.js
[2021-04-11 03:32:37.888] [exthost] [info] ExtensionService#_doActivateExtension ms-vscode.js-debug {"startup":false,"extensionId":{"value":"ms-vscode.js-debug","_lower":"ms-vscode.js-debug"},"activationEvent":"onCommand:extension.js-debug.clearAutoAttachVariables"}
[2021-04-11 03:32:37.888] [exthost] [info] ExtensionService#loadCommonJSModule file:///var/www/clients/client8/web8/private/home/versenyzo08s1/.vscode-server/bin/c185983a683d14c396952dd432459097bc7f757f/extensions/ms-vscode.js-debug/src/extension.js
[2021-04-11 03:32:38.144] [exthost] [info] ExtensionService#_doActivateExtension vscode.emmet {"startup":false,"extensionId":{"value":"vscode.emmet","_lower":"vscode.emmet"},"activationEvent":"onStartupFinished"}
[2021-04-11 03:32:38.144] [exthost] [info] ExtensionService#loadCommonJSModule file:///var/www/clients/client8/web8/private/home/versenyzo08s1/.vscode-server/bin/c185983a683d14c396952dd432459097bc7f757f/extensions/emmet/dist/node/emmetNodeMain
[2021-04-11 03:32:38.160] [exthost] [info] ExtensionService#_doActivateExtension vscode.merge-conflict {"startup":false,"extensionId":{"value":"vscode.merge-conflict","_lower":"vscode.merge-conflict"},"activationEvent":"onStartupFinished"}
[2021-04-11 03:32:38.160] [exthost] [info] ExtensionService#loadCommonJSModule file:///var/www/clients/client8/web8/private/home/versenyzo08s1/.vscode-server/bin/c185983a683d14c396952dd432459097bc7f757f/extensions/merge-conflict/dist/mergeConflictMain
[2021-04-11 03:32:38.163] [exthost] [info] ExtensionService#_doActivateExtension vscode.testing-editor-contributions {"startup":false,"extensionId":{"value":"vscode.testing-editor-contributions","_lower":"vscode.testing-editor-contributions"},"activationEvent":"onStartupFinished"}
[2021-04-11 03:32:38.164] [exthost] [info] ExtensionService#loadCommonJSModule file:///var/www/clients/client8/web8/private/home/versenyzo08s1/.vscode-server/bin/c185983a683d14c396952dd432459097bc7f757f/extensions/testing-editor-contributions/dist/extension.js
[2021-04-11 03:32:38.165] [exthost] [info] eager extensions activated
[2021-04-11 03:32:53.627] [exthost] [info] extension host terminating: received terminate message from renderer
[2021-04-11 03:32:54.635] [exthost] [info] exiting with code 0
